GROUP,PACKAGE,CLASS,INSTRUCTION_MISSED,INSTRUCTION_COVERED,BRANCH_MISSED,BRANCH_COVERED,LINE_MISSED,LINE_COVERED,COMPLEXITY_MISSED,COMPLEXITY_COVERED,METHOD_MISSED,METHOD_COVERED
FrontControllerDemo,com.revature.web,FrontController,38,0,4,0,13,0,6,0,3,0
FrontControllerDemo,com.revature.web,RequestHelper,161,0,6,0,37,0,8,0,5,0
FrontControllerDemo,com.revature.dao,EmployeeDao,32,0,0,0,11,0,5,0,5,0
FrontControllerDemo,com.revature.models,Employee,231,29,39,1,58,11,32,4,12,4
FrontControllerDemo,com.revature.util,HibernateUtil,23,0,2,0,8,0,5,0,4,0
FrontControllerDemo,com.revature.service,EmployeeService,19,39,0,6,4,8,4,6,4,3
